e:\vm\share\project\test\liunuxos_c\main\release\vc142.pdb
e:\vm\share\project\test\liunuxos_c\main\release\userutils.obj
e:\vm\share\project\test\liunuxos_c\main\release\sysregs.obj
e:\vm\share\project\test\liunuxos_c\main\release\windowclass.obj
e:\vm\share\project\test\liunuxos_c\main\release\taskbar.obj
e:\vm\share\project\test\liunuxos_c\main\release\paint.obj
e:\vm\share\project\test\liunuxos_c\main\release\ntfsdirs.obj
e:\vm\share\project\test\liunuxos_c\main\release\menu.obj
e:\vm\share\project\test\liunuxos_c\main\release\main.obj
e:\vm\share\project\test\liunuxos_c\main\release\machine.obj
e:\vm\share\project\test\liunuxos_c\main\release\ios9660.obj
e:\vm\share\project\test\liunuxos_c\main\release\jpeg.obj
e:\vm\share\project\test\liunuxos_c\main\release\graph.obj
e:\vm\share\project\test\liunuxos_c\main\release\filemanagerwindow.obj
e:\vm\share\project\test\liunuxos_c\main\release\filemanager.obj
e:\vm\share\project\test\liunuxos_c\main\release\fat32dirs.obj
e:\vm\share\project\test\liunuxos_c\main\release\fat12.obj
e:\vm\share\project\test\liunuxos_c\main\release\explorer.obj
e:\vm\share\project\test\liunuxos_c\main\release\console.obj
e:\vm\share\project\test\liunuxos_c\release\main.dll
e:\vm\share\project\test\liunuxos_c\release\main.pdb
e:\vm\share\project\test\liunuxos_c\release\main.lib
e:\vm\share\project\test\liunuxos_c\release\main.exp
e:\vm\share\project\test\liunuxos_c\main\release\main.res
e:\vm\share\project\test\liunuxos_c\main\release\main.tlog\cl.command.1.tlog
e:\vm\share\project\test\liunuxos_c\main\release\main.tlog\cl.read.1.tlog
e:\vm\share\project\test\liunuxos_c\main\release\main.tlog\cl.write.1.tlog
e:\vm\share\project\test\liunuxos_c\main\release\main.tlog\link.command.1.tlog
e:\vm\share\project\test\liunuxos_c\main\release\main.tlog\link.read.1.tlog
e:\vm\share\project\test\liunuxos_c\main\release\main.tlog\link.write.1.tlog
e:\vm\share\project\test\liunuxos_c\main\release\main.tlog\main.write.1u.tlog
e:\vm\share\project\test\liunuxos_c\main\release\main.tlog\rc.command.1.tlog
e:\vm\share\project\test\liunuxos_c\main\release\main.tlog\rc.read.1.tlog
e:\vm\share\project\test\liunuxos_c\main\release\main.tlog\rc.write.1.tlog
